<?xml version="1.0" encoding="UTF-8"?>
<!-- Generated by org.testng.reporters.JUnitReportReporter -->
<testsuite hostname="DESKTOP-GLTDHMS" failures="0" tests="4" name="TestCases.VerifyRegester" time="34.483" errors="0" timestamp="2023-05-24T15:40:03 IST" skipped="0">
  <testcase classname="TestCases.VerifyRegester" name="EmptyCredencialsRegester" time="11.225"/>
  <system-out/>
  <testcase classname="TestCases.VerifyRegester" name="Regester" time="7.465"/>
  <system-out/>
  <testcase classname="TestCases.VerifyRegester" name="InvalidRegester" time="6.747"/>
  <system-out/>
  <testcase classname="TestCases.VerifyRegester" name="ValidRegesteration" time="9.046"/>
  <system-out/>
</testsuite> <!-- TestCases.VerifyRegester -->
