<?xml version="1.0" encoding="UTF-8"?>
<!-- Generated by org.testng.reporters.JUnitReportReporter -->
<testsuite hostname="DESKTOP-GLTDHMS" failures="0" tests="1" name="TestCases.VerifyLogin" time="9.910" errors="0" timestamp="2023-05-15T14:47:01 IST" skipped="0">
  <testcase classname="TestCases.VerifyLogin" name="Validlogin" time="9.910"/>
  <system-out/>
</testsuite> <!-- TestCases.VerifyLogin -->
