<?xml version="1.0" encoding="UTF-8"?>
<!-- Generated by org.testng.reporters.JUnitReportReporter -->
<testsuite hostname="DESKTOP-GLTDHMS" failures="0" tests="4" name="TestCases.VerifyRegester" time="40.475" errors="0" timestamp="2023-05-17T15:57:38 IST" skipped="0">
  <testcase classname="TestCases.VerifyRegester" name="EmptyCredencialsRegester" time="8.980"/>
  <system-out/>
  <testcase classname="TestCases.VerifyRegester" name="Regester" time="9.726"/>
  <system-out/>
  <testcase classname="TestCases.VerifyRegester" name="InvalidRegester" time="11.683"/>
  <system-out/>
  <testcase classname="TestCases.VerifyRegester" name="ValidRegesteration" time="10.086"/>
  <system-out/>
</testsuite> <!-- TestCases.VerifyRegester -->
