<?xml version="1.0" encoding="UTF-8"?>
<!-- Generated by org.testng.reporters.JUnitReportReporter -->
<testsuite hostname="DESKTOP-GLTDHMS" failures="0" tests="1" name="TestCases.verifyProfuctPrice" time="12.693" errors="0" timestamp="2023-05-15T14:47:01 IST" skipped="0">
  <testcase classname="TestCases.verifyProfuctPrice" name="ProductVerify" time="12.693"/>
  <system-out/>
</testsuite> <!-- TestCases.verifyProfuctPrice -->
