<?xml version="1.0" encoding="UTF-8"?>
<!-- Generated by org.testng.reporters.JUnitReportReporter -->
<testsuite hostname="DESKTOP-GLTDHMS" failures="0" tests="1" name="TestCases.verifyProfuctPrice" time="11.455" errors="0" timestamp="2023-05-17T15:57:38 IST" skipped="0">
  <testcase classname="TestCases.verifyProfuctPrice" name="ProductVerify" time="11.455"/>
  <system-out/>
</testsuite> <!-- TestCases.verifyProfuctPrice -->
