<?xml version="1.0" encoding="UTF-8"?>
<!-- Generated by org.testng.reporters.JUnitReportReporter -->
<testsuite hostname="DESKTOP-GLTDHMS" failures="0" tests="4" name="TestCases.VerifyRegester" time="44.812" errors="0" timestamp="2023-05-15T14:47:01 IST" skipped="0">
  <testcase classname="TestCases.VerifyRegester" name="EmptyCredencialsRegester" time="13.968"/>
  <system-out/>
  <testcase classname="TestCases.VerifyRegester" name="Regester" time="12.257"/>
  <system-out/>
  <testcase classname="TestCases.VerifyRegester" name="InvalidRegester" time="8.621"/>
  <system-out/>
  <testcase classname="TestCases.VerifyRegester" name="ValidRegesteration" time="9.966"/>
  <system-out/>
</testsuite> <!-- TestCases.VerifyRegester -->
