<?xml version="1.0" encoding="UTF-8"?>
<!-- Generated by org.testng.reporters.JUnitReportReporter -->
<testsuite hostname="DESKTOP-GLTDHMS" failures="0" tests="1" name="TestCases.VerifyTabs" time="16.874" errors="0" timestamp="2023-05-15T14:47:01 IST" skipped="0">
  <testcase classname="TestCases.VerifyTabs" name="tabVerification" time="16.874"/>
  <system-out/>
</testsuite> <!-- TestCases.VerifyTabs -->
